amanager/proguard/seeds.txt
com.example.amanager.R$anim
com.example.amanager.R$anim: int crease
com.example.amanager.R$anim: int loading
com.example.amanager.R$anim: int popupwindowdimiss
com.example.amanager.R$anim: int popupwindowshow
com.example.amanager.R$anim: int whecom
com.example.amanager.R$anim: int zoomin
com.example.amanager.R$anim: int zoomout
com.example.amanager.R$anim: R$anim()
com.example.amanager.R$array
com.example.amanager.R$array: int abei_city_item
com.example.amanager.R$array: int akesu_city_item
com.example.amanager.R$array: int alaer_city_item
com.example.amanager.R$array: int alashanmeng_city_item
com.example.amanager.R$array: int aleitai_city_item
com.example.amanager.R$array: int ali_city_item
com.example.amanager.R$array: int anhui_province_item
com.example.amanager.R$array: int anhui_suzhou_city_item
com.example.amanager.R$array: int ankang_city_item
com.example.amanager.R$array: int anqing_city_item
com.example.amanager.R$array: int anshan_city_item
com.example.amanager.R$array: int anshun_city_item
com.example.amanager.R$array: int anyang_city_item
com.example.amanager.R$array: int aomen_city_item
com.example.amanager.R$array: int aomen_province_item
com.example.amanager.R$array: int baicheng_city_item
com.example.amanager.R$array: int baise_city_item
com.example.amanager.R$array: int baishan_city_item
com.example.amanager.R$array: int baiyin_city_item
com.example.amanager.R$array: int baoding_city_item
com.example.amanager.R$array: int baoji_city_item
com.example.amanager.R$array: int baoshan_city_item
com.example.amanager.R$array: int baotou_city_item
com.example.amanager.R$array: int bayannaoer_city_item
com.example.amanager.R$array: int bayinguolen_city_item
com.example.amanager.R$array: int bazhong_city_item
com.example.amanager.R$array: int beihai_city_item
com.example.amanager.R$array: int beijin_city_item0
com.example.amanager.R$attr
com.example.amanager.R$attr: int abstractWheelViewStyle
com.example.amanager.R$attr: int isAllVisible
com.example.amanager.R$attr: int isCyclic
com.example.amanager.R$attr: int itemOffsetPercent
com.example.amanager.R$attr: int itemsDimmedAlpha
com.example.amanager.R$attr: int itemsPadding
com.example.amanager.R$attr: int selectionDivider
com.example.amanager.R$attr: int selectionDividerActiveAlpha
com.example.amanager.R$attr: int selectionDividerDimmedAlpha
com.example.amanager.R$attr: int selectionDividerHeight
com.example.amanager.R$attr: int selectionDividerWidth
com.example.amanager.R$attr: int visibleItems
com.example.amanager.R$attr: R$attr()
...
com.thoughtworks.xstream.mapper.LocalConversionMapper
com.thoughtworks.xstream.mapper.LocalConversionMapper: java.util.Map localConverters
com.thoughtworks.xstream.mapper.LocalConversionMapper: com.thoughtworks.xstream.mapper.AttributeMapper attributeMapper
com.thoughtworks.xstream.mapper.LocalConversionMapper: LocalConversionMapper(com.thoughtworks.xstream.mapper.Mapper)
com.thoughtworks.xstream.mapper.LocalConversionMapper: void registerLocalConverter(java.lang.Class,java.lang.String,com.thoughtworks.xstream.converters.Converter)
com.thoughtworks.xstream.mapper.LocalConversionMapper: com.thoughtworks.xstream.converters.Converter getLocalConverter(java.lang.Class,java.lang.String)
com.thoughtworks.xstream.mapper.LocalConversionMapper: com.thoughtworks.xstream.converters.SingleValueConverter getConverterFromAttribute(java.lang.Class,java.lang.String,java.lang.Class)
com.thoughtworks.xstream.mapper.LocalConversionMapper: com.thoughtworks.xstream.converters.SingleValueConverter getConverterFromItemType(java.lang.String,java.lang.Class,java.lang.Class)
com.thoughtworks.xstream.mapper.LocalConversionMapper: com.thoughtworks.xstream.converters.SingleValueConverter getLocalSingleValueConverter(java.lang.Class,java.lang.String,java.lang.Class)
com.thoughtworks.xstream.mapper.LocalConversionMapper: java.lang.Object readResolve()
com.thoughtworks.xstream.mapper.Mapper
com.thoughtworks.xstream.mapper.Mapper: java.lang.String serializedClass(java.lang.Class)
com.thoughtworks.xstream.mapper.Mapper: java.lang.Class realClass(java.lang.String)
com.thoughtworks.xstream.mapper.Mapper: java.lang.String serializedMember(java.lang.Class,java.lang.String)
com.thoughtworks.xstream.mapper.Mapper: java.lang.String realMember(java.lang.Class,java.lang.String)
com.thoughtworks.xstream.mapper.Mapper: boolean isImmutableValueType(java.lang.Class)
com.thoughtworks.xstream.mapper.Mapper: java.lang.Class defaultImplementationOf(java.lang.Class)
com.thoughtworks.xstream.mapper.Mapper: java.lang.String attributeForImplementationClass()
com.thoughtworks.xstream.mapper.Mapper: java.lang.String attributeForClassDefiningField()
com.thoughtworks.xstream.mapper.Mapper: java.lang.String attributeForReadResolveField()
com.thoughtworks.xstream.mapper.Mapper: java.lang.String attributeForEnumType()
com.thoughtworks.xstream.mapper.Mapper: java.lang.String aliasForAttribute(java.lang.String)
com.thoughtworks.xstream.mapper.Mapper: java.lang.String attributeForAlias(java.lang.String)
com.thoughtworks.xstream.mapper.Mapper: java.lang.String aliasForSystemAttribute(java.lang.String)
com.thoughtworks.xstream.mapper.Mapper: java.lang.String getFieldNameForItemTypeAndName(java.lang.Class,java.lang.Class,java.lang.String)
com.thoughtworks.xstream.mapper.Mapper: java.lang.Class getItemTypeForItemFieldName(java.lang.Class,java.lang.String)
com.thoughtworks.xstream.mapper.Mapper$ImplicitCollectionMapping
com.thoughtworks.xstream.mapper.Mapper$ImplicitCollectionMapping: java.lang.String getFieldName()
com.thoughtworks.xstream.mapper.Mapper$ImplicitCollectionMapping: java.lang.String getItemFieldName()
com.thoughtworks.xstream.mapper.Mapper$ImplicitCollectionMapping: java.lang.Class getItemType()
com.thoughtworks.xstream.mapper.Mapper$Null
com.thoughtworks.xstream.mapper.Mapper$Null: Mapper$Null()