amanager/proguard/mapping.txt
com.example.amanager.R -> com.example.amanager.R:
com.example.amanager.R$anim -> com.example.amanager.R$anim:
    int crease -> crease
    int loading -> loading
    int popupwindowdimiss -> popupwindowdimiss
    int popupwindowshow -> popupwindowshow
    int whecom -> whecom
    int zoomin -> zoomin
    int zoomout -> zoomout
com.example.amanager.R$array -> com.example.amanager.R$array:
    int abei_city_item -> abei_city_item
    int akesu_city_item -> akesu_city_item
    int alaer_city_item -> alaer_city_item
    int alashanmeng_city_item -> alashanmeng_city_item
    int aleitai_city_item -> aleitai_city_item
    int ali_city_item -> ali_city_item
    int anhui_province_item -> anhui_province_item
    int anhui_suzhou_city_item -> anhui_suzhou_city_item
    int ankang_city_item -> ankang_city_item
    int anqing_city_item -> anqing_city_item
    int anshan_city_item -> anshan_city_item
    int anshun_city_item -> anshun_city_item
    int anyang_city_item -> anyang_city_item
    int aomen_city_item -> aomen_city_item
    int aomen_province_item -> aomen_province_item
    int baicheng_city_item -> baicheng_city_item
    int baise_city_item -> baise_city_item
    int baishan_city_item -> baishan_city_item
    int baiyin_city_item -> baiyin_city_item
    int baoding_city_item -> baoding_city_item
    int baoji_city_item -> baoji_city_item
    int baoshan_city_item -> baoshan_city_item
    int baotou_city_item -> baotou_city_item
    int bayannaoer_city_item -> bayannaoer_city_item
    int bayinguolen_city_item -> bayinguolen_city_item
    int bazhong_city_item -> bazhong_city_item
    int beihai_city_item -> beihai_city_item
    int beijin_city_item0 -> beijin_city_item0
    int beijin_city_item1 -> beijin_city_item1
    int beijin_province_item -> beijin_province_item
com.example.amanager.R$attr -> com.example.amanager.R$attr:
    int abstractWheelViewStyle -> abstractWheelViewStyle
    int isAllVisible -> isAllVisible
    int isCyclic -> isCyclic
    int itemOffsetPercent -> itemOffsetPercent
    int itemsDimmedAlpha -> itemsDimmedAlpha
    int itemsPadding -> itemsPadding
    int selectionDivider -> selectionDivider
    int selectionDividerActiveAlpha -> selectionDividerActiveAlpha
    int selectionDividerDimmedAlpha -> selectionDividerDimmedAlpha
    int selectionDividerHeight -> selectionDividerHeight
    int selectionDividerWidth -> selectionDividerWidth
    int visibleItems -> visibleItems
com.example.amanager.R$color -> com.example.amanager.R$color:
    int aliceblue -> aliceblue
    int antiquewhite -> antiquewhite
    int aqua -> aqua
    int aquamarine -> aquamarine
    int azure -> azure
    int base_color_text_white -> base_color_text_white
    int beige -> beige
    int bisque -> bisque
    int black -> black
    int blanchedalmond -> blanchedalmond
    int blue -> blue
    int blueviolet -> blueviolet
    int brown -> brown
    int burlywood -> burlywood
    int cadetblue -> cadetblue
    int chartreuse -> chartreuse
    int chocolate -> chocolate
    int click -> click
    int click_btn -> click_btn
    int content_color -> content_color
    int coral -> coral
    int cornflowerblue -> cornflowerblue
    int cornsilk -> cornsilk
    int crimson -> crimson
    int cyan -> cyan
    int darkblue -> darkblue
    int darkcyan -> darkcyan
    int darkgoldenrod -> darkgoldenrod
    int darkgray -> darkgray
    int darkgreen -> darkgreen
    int darkgrey -> darkgrey
    int darkkhaki -> darkkhaki
    int darkmagenta -> darkmagenta
    int darkolivegreen -> darkolivegreen
    int darkorange -> darkorange
    int darkorchid -> darkorchid
    int darkred -> darkred
    int darksalmon -> darksalmon
    int darkseagreen -> darkseagreen
    int darkslateblue -> darkslateblue
    int darkslategray -> darkslategray
    int darkslategrey -> darkslategrey
    int darkturquoise -> darkturquoise
    int darkviolet -> darkviolet
    int deeppink -> deeppink
...
org.dom4j.tree.ConcurrentReaderHashMap$HashIterator -> org.dom4j.tree.ConcurrentReaderHashMap$HashIterator:
    org.dom4j.tree.ConcurrentReaderHashMap$Entry[] tab -> tab
    int index -> index
    org.dom4j.tree.ConcurrentReaderHashMap$Entry entry -> entry
    java.lang.Object currentKey -> currentKey
    java.lang.Object currentValue -> currentValue
    org.dom4j.tree.ConcurrentReaderHashMap$Entry lastReturned -> lastReturned
    org.dom4j.tree.ConcurrentReaderHashMap this$0 -> this$0
    boolean hasMoreElements() -> hasMoreElements
    java.lang.Object nextElement() -> nextElement
    boolean hasNext() -> hasNext
    java.lang.Object returnValueOfNext() -> returnValueOfNext
    java.lang.Object next() -> next
    void remove() -> remove
org.dom4j.tree.ConcurrentReaderHashMap$KeyIterator -> org.dom4j.tree.ConcurrentReaderHashMap$KeyIterator:
    org.dom4j.tree.ConcurrentReaderHashMap this$0 -> this$0
    java.lang.Object returnValueOfNext() -> returnValueOfNext
org.dom4j.tree.ConcurrentReaderHashMap$KeySet -> org.dom4j.tree.b:
    org.dom4j.tree.ConcurrentReaderHashMap this$0 -> a
    java.util.Iterator iterator() -> iterator
    int size() -> size
    boolean contains(java.lang.Object) -> contains
    boolean remove(java.lang.Object) -> remove
    void clear() -> clear
org.dom4j.tree.ConcurrentReaderHashMap$ValueIterator -> org.dom4j.tree.ConcurrentReaderHashMap$ValueIterator:
    org.dom4j.tree.ConcurrentReaderHashMap this$0 -> this$0
    java.lang.Object returnValueOfNext() -> returnValueOfNext
org.dom4j.tree.ConcurrentReaderHashMap$Values -> org.dom4j.tree.c:
    org.dom4j.tree.ConcurrentReaderHashMap this$0 -> a
    java.util.Iterator iterator() -> iterator
    int size() -> size
    boolean contains(java.lang.Object) -> contains
    void clear() -> clear
org.dom4j.tree.ContentListFacade -> org.dom4j.tree.ContentListFacade:
    java.util.List branchContent -> branchContent
    org.dom4j.tree.AbstractBranch branch -> branch
    boolean add(java.lang.Object) -> add
    void add(int,java.lang.Object) -> add
    java.lang.Object set(int,java.lang.Object) -> set
    boolean remove(java.lang.Object) -> remove
    java.lang.Object remove(int) -> remove
    boolean addAll(java.util.Collection) -> addAll
    boolean addAll(int,java.util.Collection) -> addAll
    void clear() -> clear
    boolean removeAll(java.util.Collection) -> removeAll
    int size() -> size
    boolean isEmpty() -> isEmpty
    boolean contains(java.lang.Object) -> contains
    java.lang.Object[] toArray() -> toArray
    java.lang.Object[] toArray(java.lang.Object[]) -> toArray
    boolean containsAll(java.util.Collection) -> containsAll
    java.lang.Object get(int) -> get
    int indexOf(java.lang.Object) -> indexOf
    int lastIndexOf(java.lang.Object) -> lastIndexOf
    org.dom4j.Node asNode(java.lang.Object) -> asNode
    java.util.List getBackingList() -> getBackingList
org.dom4j.tree.DefaultAttribute -> org.dom4j.tree.DefaultAttribute:
    org.dom4j.Element parent -> parent
    void setValue(java.lang.String) -> setValue
    org.dom4j.Element getParent() -> getParent
    void setParent(org.dom4j.Element) -> setParent
    boolean supportsParent() -> supportsParent
    boolean isReadOnly() -> isReadOnly
org.dom4j.tree.DefaultCDATA -> org.dom4j.tree.DefaultCDATA:
    org.dom4j.Element parent -> parent
    void setText(java.lang.String) -> setText
    org.dom4j.Element getParent() -> getParent
    void setParent(org.dom4j.Element) -> setParent
    boolean supportsParent() -> supportsParent
    boolean isReadOnly() -> isReadOnly
org.dom4j.tree.DefaultComment -> org.dom4j.tree.DefaultComment:
    org.dom4j.Element parent -> parent
    void setText(java.lang.String) -> setText
    org.dom4j.Element getParent() -> getParent
    void setParent(org.dom4j.Element) -> setParent
    boolean supportsParent() -> supportsParent
    boolean isReadOnly() -> isReadOnly