amanager/proguard/usage.txt
com.example.amanager.BuildConfig
com.example.amanager.R:
    10:10:public R()
...
antistatic.spinnerwheel.AbstractWheel:
    private static final int DEF_VISIBLE_ITEMS
    private static final boolean DEF_IS_CYCLIC
    311:312:public void stopScrolling()
    319:320:public void setInterpolator(android.view.animation.Interpolator)
    486:486:public int getVisibleItems()
    505:507:public void setAllItemsVisible(boolean)
    624:625:public void addChangingListener(antistatic.spinnerwheel.OnWheelChangedListener)
    632:633:public void removeChangingListener(antistatic.spinnerwheel.OnWheelChangedListener)
    659:660:public void removeScrollingListener(antistatic.spinnerwheel.OnWheelScrollListener)
    685:686:public void addClickingListener(antistatic.spinnerwheel.OnWheelClickedListener)
    693:694:public void removeClickingListener(antistatic.spinnerwheel.OnWheelClickedListener)
antistatic.spinnerwheel.AbstractWheelView:
    protected static final int DEF_ITEMS_DIMMED_ALPHA
    protected static final int DEF_SELECTION_DIVIDER_ACTIVE_ALPHA
    protected static final int DEF_SELECTION_DIVIDER_DIMMED_ALPHA
    protected static final int DEF_ITEM_OFFSET_PERCENT
    protected static final int DEF_ITEM_PADDING
    protected static final int DEF_SELECTION_DIVIDER_SIZE
    protected static final java.lang.String PROPERTY_SELECTOR_PAINT_COEFF
    protected static final java.lang.String PROPERTY_SEPARATORS_PAINT_ALPHA
antistatic.spinnerwheel.WheelHorizontalView:
    74:75:public WheelHorizontalView(android.content.Context)
antistatic.spinnerwheel.WheelScroller:
    private static final int SCROLLING_DURATION
    public static final int MIN_DELTA_FOR_SCROLLING
    131:133:public void setInterpolator(android.view.animation.Interpolator)
antistatic.spinnerwheel.adapters.AbstractWheelAdapter:
    65:70:protected void notifyDataChangedEvent()
    76:81:protected void notifyDataInvalidatedEvent()
antistatic.spinnerwheel.adapters.AbstractWheelTextAdapter:
    public static final int TEXT_VIEW_ITEM_RESOURCE
    protected static final int NO_RESOURCE
    public static final int DEFAULT_TEXT_COLOR
    public static final int LABEL_COLOR
    public static final int DEFAULT_TEXT_SIZE
    80:81:protected AbstractWheelTextAdapter(android.content.Context)
    89:90:protected AbstractWheelTextAdapter(android.content.Context,int)
    111:111:public int getTextColor()
    119:120:public void setTextColor(int)
    127:128:public void setTextTypeface(android.graphics.Typeface)
    135:135:public int getTextSize()
    143:144:public void setTextSize(int)
    151:151:public int getItemResource()
    159:160:public void setItemResource(int)
    167:167:public int getItemTextResource()
    183:183:public int getEmptyItemResource()
    191:192:public void setEmptyItemResource(int)
antistatic.spinnerwheel.adapters.ArrayWheelAdapter
antistatic.spinnerwheel.adapters.NumericWheelAdapter
com.example.fragment.OneFragment:
    126:131:public boolean isNumeric(java.lang.String)
com.example.fragment.ThreeFragment:
    java.util.ArrayList values
    1139:1145:protected org.achartengine.model.MultipleCategorySeries buildMultipleCategoryDataset(java.lang.String,java.util.List,java.util.List)
    1148:1157:protected org.achartengine.renderer.DefaultRenderer buildCategoryRenderer(int[])
com.example.fragment.TwoFragment:
    88:103:public java.util.List deepCopy(java.util.List)
    121:126:public boolean isNumeric(java.lang.String)
com.example.timeselect.ArrayWheelAdapter
com.example.timeselect.JudgeDate:
    5:5:public JudgeDate()
com.example.timeselect.NumericWheelAdapter:
    public static final int DEFAULT_MAX_VALUE
    private static final int DEFAULT_MIN_VALUE